build/app/outputs/mapping/release/mapping.txt
# compiler: R8
# compiler_version: 1.5.69
# min_api: 21
# pg_map_id: 7b73131
fitness.elastica.MainActivity -> fitness.elastica.MainActivity:
    void configureFlutterEngine(io.flutter.embedding.engine.FlutterEngine) -> b
...
io.flutter.plugin.platform.PlatformPlugin$2 -> io.flutter.plugin.platform.c$b:
    int[] $SwitchMap$io$flutter$embedding$engine$systemchannels$PlatformChannel$SystemUiOverlay -> b
    int[] $SwitchMap$io$flutter$embedding$engine$systemchannels$PlatformChannel$Brightness -> c
    int[] $SwitchMap$io$flutter$embedding$engine$systemchannels$PlatformChannel$HapticFeedbackType -> a
io.flutter.plugin.platform.PlatformView -> io.flutter.plugin.platform.d:
    void dispose() -> a
    void onFlutterViewAttached(android.view.View) -> a
    void onFlutterViewDetached() -> b
    void onInputConnectionUnlocked() -> c
    void onInputConnectionLocked() -> d
    android.view.View getView() -> e
io.flutter.plugin.platform.PlatformViewFactory -> io.flutter.plugin.platform.e:
    io.flutter.plugin.common.MessageCodec createArgsCodec -> a
    io.flutter.plugin.platform.PlatformView create(android.content.Context,int,java.lang.Object) -> a
    io.flutter.plugin.common.MessageCodec getCreateArgsCodec() -> a
io.flutter.plugin.platform.PlatformViewRegistry -> io.flutter.plugin.platform.f:
io.flutter.plugin.platform.PlatformViewRegistryImpl -> io.flutter.plugin.platform.g:
    java.util.Map viewFactories -> a
    io.flutter.plugin.platform.PlatformViewFactory getFactory(java.lang.String) -> a
io.flutter.plugin.platform.PlatformViewsAccessibilityDelegate -> io.flutter.plugin.platform.h:
    void attachAccessibilityBridge(io.flutter.view.AccessibilityBridge) -> a
    void detachAccessibiltyBridge() -> a
    android.view.View getPlatformViewById(java.lang.Integer) -> a
io.flutter.plugin.platform.PlatformViewsController -> io.flutter.plugin.platform.i:
    java.util.HashMap contextToPlatformView -> i
    java.util.HashMap vdControllers -> h
    android.content.Context context -> b
    io.flutter.plugin.platform.AccessibilityEventsDelegate accessibilityEventsDelegate -> g
    io.flutter.view.TextureRegistry textureRegistry -> d
    io.flutter.plugin.platform.PlatformViewRegistryImpl registry -> a
    android.view.View flutterView -> c
    io.flutter.plugin.editing.TextInputPlugin textInputPlugin -> e
    io.flutter.embedding.engine.systemchannels.PlatformViewsChannel platformViewsChannel -> f
    io.flutter.embedding.engine.systemchannels.PlatformViewsChannel$PlatformViewsHandler channelHandler -> j
    boolean access$000(int) -> a
    io.flutter.plugin.platform.PlatformViewRegistryImpl access$100(io.flutter.plugin.platform.PlatformViewsController) -> a
    void access$1000(io.flutter.plugin.platform.PlatformViewsController,io.flutter.plugin.platform.VirtualDisplayController) -> a
    java.util.List access$1200(java.lang.Object) -> a
    java.util.List access$1300(java.lang.Object,float) -> a
    int access$200(io.flutter.plugin.platform.PlatformViewsController,double) -> a
    void access$300(io.flutter.plugin.platform.PlatformViewsController,int,int) -> a
    void attach(android.content.Context,io.flutter.view.TextureRegistry,io.flutter.embedding.engine.dart.DartExecutor) -> a
io.flutter.plugin.platform.PlatformViewsController$1 -> io.flutter.plugin.platform.i$a:
    io.flutter.plugin.platform.PlatformViewsController this$0 -> a
    long createPlatformView(io.flutter.embedding.engine.systemchannels.PlatformViewsChannel$PlatformViewCreationRequest) -> a
    void disposePlatformView(int) -> a
    void ensureValidAndroidVersion() -> a
    void lambda$createPlatformView$0(io.flutter.embedding.engine.systemchannels.PlatformViewsChannel$PlatformViewCreationRequest,android.view.View,boolean) -> a
    void onTouch(io.flutter.embedding.engine.systemchannels.PlatformViewsChannel$PlatformViewTouch) -> a
    void resizePlatformView(io.flutter.embedding.engine.systemchannels.PlatformViewsChannel$PlatformViewResizeRequest,java.lang.Runnable) -> a
    void setDirection(int,int) -> a
    void clearFocus(int) -> b